<?xml version="1.0" encoding="UTF-8"?>
<Site BuildName="Linux-g++"
	BuildStamp="20230919-0033-Experimental"
	Name="josh-ThinkPad-E14-Gen-4"
	Generator="ctest-3.22.1"
	CompilerName="/usr/bin/g++"
	CompilerVersion="11.4.0"
	OSName="Linux"
	Hostname="josh-ThinkPad-E14-Gen-4"
	OSRelease="5.15.0-83-generic"
	OSVersion="#92-Ubuntu SMP Mon Aug 14 09:30:42 UTC 2023"
	OSPlatform="x86_64"
	Is64Bits="1"
	VendorString="GenuineIntel"
	VendorID="Intel Corporation"
	FamilyID="6"
	ModelID="154"
	ProcessorCacheSize="12288"
	NumberOfLogicalCPU="12"
	NumberOfPhysicalCPU="10"
	TotalVirtualMemory="2047"
	TotalPhysicalMemory="23713"
	LogicalProcessorsPerPhysical="1"
	ProcessorClockFrequency="3856.64"
	>
	<Testing>
		<StartDateTime>Sep 18 22:23 PDT</StartDateTime>
		<StartTestTime>1695101023</StartTestTime>
		<TestList/>
		<EndDateTime>Sep 18 22:23 PDT</EndDateTime>
		<EndTestTime>1695101023</EndTestTime>
		<ElapsedMinutes>0</ElapsedMinutes>
	</Testing>
</Site>
